<?xml version="1.0" encoding="UTF-8"?>
<testsuite xmlns:xsi="http://www.w3.org/2001/XMLSchema-instance" xsi:noNamespaceSchemaLocation="https://maven.apache.org/surefire/maven-surefire-plugin/xsd/surefire-test-report-3.0.xsd" version="3.0" name="com.example.demo.DemoApplicationTests" time="5.569" tests="1" errors="0" skipped="0" failures="0">
  <properties>
[...]
</properties>
  <testcase name="contextLoads" classname="com.example.demo.DemoApplicationTests" time="1.378">
    <system-out><![CDATA[12:03:30.190 [main] INFO org.springframework.test.context.support.AnnotationConfigContextLoaderUtils -- Could not detect default configuration classes for test class [com.example.demo.DemoApplicationTests]: DemoApplicationTests does not declare any static, non-private, non-final, nested classes annotated with @Configuration.
12:03:30.343 [main] INFO org.springframework.boot.test.context.SpringBootTestContextBootstrapper -- Found @SpringBootConfiguration com.example.demo.DemoApplication for test class com.example.demo.DemoApplicationTests
12:03:30.711 [main] INFO org.springframework.boot.devtools.restart.RestartApplicationListener -- Restart disabled due to context in which it is running

  .   ____          _            __ _ _
 /\\ / ___'_ __ _ _(_)_ __  __ _ \ \ \ \
( ( )\___ | '_ | '_| | '_ \/ _` | \ \ \ \
 \\/  ___)| |_)| | | | | || (_| |  ) ) ) )
  '  |____| .__|_| |_|_| |_\__, | / / / /
 =========|_|==============|___/=/_/_/_/
 :: Spring Boot ::                (v3.2.2)

2024-02-24T12:03:31.140+07:00  INFO 15880 --- [           main] com.example.demo.DemoApplicationTests    : Starting DemoApplicationTests using Java 17.0.10 with PID 15880 (started by ptuan in C:\Users\ptuan\Documents\workspace-spring-tool-suite-4-4.21.0.RELEASE\demo)
2024-02-24T12:03:31.143+07:00  INFO 15880 --- [           main] com.example.demo.DemoApplicationTests    : No active profile set, falling back to 1 default profile: "default"
2024-02-24T12:03:32.980+07:00  WARN 15880 --- [           main] .s.s.UserDetailsServiceAutoConfiguration : 

Using generated security password: e2a4fd1d-9b20-4ea7-b51d-1a87fc06dc12

This generated password is for development use only. Your security configuration must be updated before running your application in production.

2024-02-24T12:03:33.565+07:00  INFO 15880 --- [           main] o.s.s.web.DefaultSecurityFilterChain     : Will secure any request with [org.springframework.security.web.session.DisableEncodeUrlFilter@1da4b3f9, org.springframework.security.web.context.request.async.WebAsyncManagerIntegrationFilter@23cbbd07, org.springframework.security.web.context.SecurityContextHolderFilter@93824eb, org.springframework.security.web.header.HeaderWriterFilter@4997552e, org.springframework.security.web.authentication.logout.LogoutFilter@4a8ffd75, com.example.demo.config.JwtFilter@448b808a, org.springframework.security.web.savedrequest.RequestCacheAwareFilter@77c1e611, org.springframework.security.web.servletapi.SecurityContextHolderAwareRequestFilter@12c0c0b3, org.springframework.security.web.authentication.AnonymousAuthenticationFilter@7e62cfa3, org.springframework.security.web.access.ExceptionTranslationFilter@13e5d243, org.springframework.security.web.access.intercept.AuthorizationFilter@45545e7a]
2024-02-24T12:03:34.061+07:00  INFO 15880 --- [           main] com.example.demo.DemoApplicationTests    : Started DemoApplicationTests in 3.375 seconds (process running for 5.105)
]]></system-out>
  </testcase>
</testsuite>